<?xml version="1.0" encoding="UTF-8"?>
<!-- Generated by org.testng.reporters.JUnitReportReporter -->
<testsuite skipped="0" hostname="DESKTOP-0J8L4NA" name="com.qa.weatherTests.Test1_GetRequest" tests="6" failures="0" timestamp="05 Mar 2018 00:07:25 GMT" time="4.984" errors="0">
  <testcase name="getWeatherUsingCityName" time="0.243" classname="com.qa.weatherTests.Test1_GetRequest"/>
  <testcase name="getWeatherUsingGroupID" time="1.051" classname="com.qa.weatherTests.Test1_GetRequest"/>
  <testcase name="getWeatherUsingGroupIDTest2" time="0.830" classname="com.qa.weatherTests.Test1_GetRequest"/>
  <testcase name="getWeatherDataUsingCityID" time="2.229" classname="com.qa.weatherTests.Test1_GetRequest"/>
  <testcase name="getWeatherUsingGeographicCoordinates" time="0.350" classname="com.qa.weatherTests.Test1_GetRequest"/>
  <testcase name="getWeatherUsingGroupIDTest3" time="0.281" classname="com.qa.weatherTests.Test1_GetRequest"/>
</testsuite> <!-- com.qa.weatherTests.Test1_GetRequest -->
